<?xml version="1.0" encoding="UTF-8"?>
<!-- Generated by org.testng.reporters.JUnitXMLReporter -->
<testsuite hostname="DNIS-325" name="ChromeTest" tests="3" failures="0" timestamp="8 Jun 2015 10:03:13 GMT" time="68.508" errors="0">
  <testcase name="loginWithValidDetails" time="50.239" classname="scenario.Login"/>
  <testcase name="defaultPostsDisplayingTest" time="8.533" classname="scenario.AlphaTalks"/>
  <testcase name="defaultBitesDisplayingTest" time="8.234" classname="scenario.AlphaBites"/>
</testsuite> <!-- ChromeTest -->
