<?xml version="1.0" encoding="UTF-8"?>
<!-- Generated by org.testng.reporters.JUnitXMLReporter -->
<testsuite hostname="DNIS-325" name="ChromeTest" tests="5" failures="0" timestamp="8 Jun 2015 12:44:10 GMT" time="72.962" errors="0">
  <testcase name="loginWithValidDetails" time="27.431" classname="scenario.Login"/>
  <testcase name="defaultPostsDisplayingTest" time="8.611" classname="scenario.AlphaTalks"/>
  <testcase name="showMorePostBtnTest" time="13.472" classname="scenario.AlphaTalks"/>
  <testcase name="defaultBitesDisplayingTest" time="8.243" classname="scenario.AlphaBites"/>
  <testcase name="showMoreBitesBtnTest" time="13.4" classname="scenario.AlphaBites"/>
</testsuite> <!-- ChromeTest -->
