<?xml version="1.0" encoding="UTF-8"?>
<testng-results skipped="0" failed="0" total="3" passed="3">
  <reporter-output>
  </reporter-output>
  <suite name="main Suite" duration-ms="68508" started-at="2015-06-08T10:02:05Z" finished-at="2015-06-08T10:03:13Z">
    <groups>
    </groups>
    <test name="ChromeTest" duration-ms="68508" started-at="2015-06-08T10:02:05Z" finished-at="2015-06-08T10:03:13Z">
      <class name="scenario.AlphaBites">
        <test-method status="PASS" signature="defaultBitesDisplayingTest(java.lang.reflect.Method)[pri:0, instance:scenario.AlphaBites@17246de]" name="defaultBitesDisplayingTest" duration-ms="8234" started-at="2015-06-08T15:33:05Z" description="Testing the number of Bite&#039;s displaying default" finished-at="2015-06-08T15:33:13Z">
          <params>
            <param index="0">
              <value>
                <![CDATA[public void scenario.AlphaBites.defaultBitesDisplayingTest(java.lang.reflect.Method) throws java.lang.InterruptedException]]>
              </value>
            </param>
          </params>
          <reporter-output>
          </reporter-output>
        </test-method> <!-- defaultBitesDisplayingTest -->
      </class> <!-- scenario.AlphaBites -->
      <class name="scenario.AlphaTalks">
        <test-method status="PASS" signature="initialize(java.lang.String)[pri:0, instance:scenario.AlphaTalks@34d63f]" name="initialize" is-config="true" duration-ms="1465" started-at="2015-06-08T15:32:05Z" finished-at="2015-06-08T15:32:06Z">
          <params>
            <param index="0">
              <value>
                <![CDATA[chrome]]>
              </value>
            </param>
          </params>
          <reporter-output>
          </reporter-output>
        </test-method> <!-- initialize -->
        <test-method status="PASS" signature="defaultPostsDisplayingTest(java.lang.reflect.Method)[pri:0, instance:scenario.AlphaTalks@34d63f]" name="defaultPostsDisplayingTest" duration-ms="8533" started-at="2015-06-08T15:32:56Z" description="Testing the number of Post&#039;s displaying default" finished-at="2015-06-08T15:33:05Z">
          <params>
            <param index="0">
              <value>
                <![CDATA[public void scenario.AlphaTalks.defaultPostsDisplayingTest(java.lang.reflect.Method) throws java.lang.InterruptedException]]>
              </value>
            </param>
          </params>
          <reporter-output>
          </reporter-output>
        </test-method> <!-- defaultPostsDisplayingTest -->
        <test-method status="PASS" signature="stopDriver()[pri:0, instance:scenario.AlphaTalks@34d63f]" name="stopDriver" is-config="true" duration-ms="0" started-at="2015-06-08T15:33:13Z" finished-at="2015-06-08T15:33:13Z">
          <reporter-output>
          </reporter-output>
        </test-method> <!-- stopDriver -->
      </class> <!-- scenario.AlphaTalks -->
      <class name="scenario.Login">
        <test-method status="PASS" signature="loginWithValidDetails(java.lang.String, java.lang.reflect.Method)[pri:0, instance:scenario.Login@dca536]" name="loginWithValidDetails" duration-ms="50239" started-at="2015-06-08T15:32:06Z" finished-at="2015-06-08T15:32:56Z">
          <params>
            <param index="0">
              <value>
                <![CDATA[Chrome Browser]]>
              </value>
            </param>
            <param index="1">
              <value>
                <![CDATA[public void scenario.Login.loginWithValidDetails(java.lang.String,java.lang.reflect.Method)]]>
              </value>
            </param>
          </params>
          <reporter-output>
          </reporter-output>
        </test-method> <!-- loginWithValidDetails -->
      </class> <!-- scenario.Login -->
    </test> <!-- ChromeTest -->
  </suite> <!-- main Suite -->
</testng-results>
